  LimbObject.cpp
c:\users\joel\documents\graphics\graphics\g53gra.framework\g53gra.framework\framework\utility\texture.h(4): warning C4005: '_CRT_SECURE_NO_WARNINGS': macro redefinition
  c:\users\joel\documents\graphics\graphics\g53gra.framework\g53gra.framework\framework\utility\texture.h(4): note: command-line arguments:  see previous definition of '_CRT_SECURE_NO_WARNINGS'
c:\users\joel\documents\graphics\graphics\g53gra.framework\g53gra.framework\code\limbobject.cpp(34): warning C4244: 'initializing': conversion from 'double' to 'float', possible loss of data
c:\users\joel\documents\graphics\graphics\g53gra.framework\g53gra.framework\code\limbobject.cpp(35): warning C4244: 'initializing': conversion from 'double' to 'float', possible loss of data
c:\users\joel\documents\graphics\graphics\g53gra.framework\g53gra.framework\code\limbobject.cpp(36): warning C4244: 'initializing': conversion from 'double' to 'float', possible loss of data
c:\users\joel\documents\graphics\graphics\g53gra.framework\g53gra.framework\code\limbobject.cpp(39): warning C4244: 'argument': conversion from 'double' to 'float', possible loss of data
c:\users\joel\documents\graphics\graphics\g53gra.framework\g53gra.framework\code\limbobject.cpp(40): warning C4244: 'argument': conversion from 'double' to 'float', possible loss of data
c:\users\joel\documents\graphics\graphics\g53gra.framework\g53gra.framework\code\limbobject.cpp(41): warning C4305: 'argument': truncation from 'double' to 'float'
c:\users\joel\documents\graphics\graphics\g53gra.framework\g53gra.framework\code\limbobject.cpp(42): warning C4244: 'argument': conversion from 'double' to 'float', possible loss of data
c:\users\joel\documents\graphics\graphics\g53gra.framework\g53gra.framework\code\limbobject.cpp(43): warning C4244: 'argument': conversion from 'double' to 'float', possible loss of data
c:\users\joel\documents\graphics\graphics\g53gra.framework\g53gra.framework\code\limbobject.cpp(44): warning C4244: 'argument': conversion from 'double' to 'float', possible loss of data
c:\users\joel\documents\graphics\graphics\g53gra.framework\g53gra.framework\code\limbobject.cpp(45): warning C4244: 'argument': conversion from 'double' to 'float', possible loss of data
c:\users\joel\documents\graphics\graphics\g53gra.framework\g53gra.framework\code\limbobject.cpp(46): warning C4305: 'argument': truncation from 'double' to 'float'
c:\users\joel\documents\graphics\graphics\g53gra.framework\g53gra.framework\code\limbobject.cpp(47): warning C4244: 'argument': conversion from 'double' to 'float', possible loss of data
c:\users\joel\documents\graphics\graphics\g53gra.framework\g53gra.framework\code\limbobject.cpp(48): warning C4244: 'argument': conversion from 'double' to 'float', possible loss of data
c:\users\joel\documents\graphics\graphics\g53gra.framework\g53gra.framework\code\limbobject.cpp(51): warning C4244: 'argument': conversion from 'double' to 'float', possible loss of data
c:\users\joel\documents\graphics\graphics\g53gra.framework\g53gra.framework\code\limbobject.cpp(51): warning C4305: 'argument': truncation from 'double' to 'float'
c:\users\joel\documents\graphics\graphics\g53gra.framework\g53gra.framework\code\limbobject.cpp(56): warning C4244: 'argument': conversion from 'double' to 'float', possible loss of data
c:\users\joel\documents\graphics\graphics\g53gra.framework\g53gra.framework\code\limbobject.cpp(67): warning C4305: '+=': truncation from 'double' to 'float'
c:\users\joel\documents\graphics\graphics\g53gra.framework\g53gra.framework\code\limbobject.cpp(76): warning C4305: '-=': truncation from 'double' to 'float'
  G53GRA.Framework.vcxproj -> C:\Users\Joel\Documents\Graphics\Graphics\G53GRA.Framework\Debug\G53GRA.Framework.exe
