c:\users\joel\documents\nottingham\g53gra\solo\graphics\g53gra.framework\g53gra.framework\debug\vc141.pdb
c:\users\joel\documents\nottingham\g53gra\solo\graphics\g53gra.framework\g53gra.framework\debug\vc141.idb
c:\users\joel\documents\nottingham\g53gra\solo\graphics\g53gra.framework\g53gra.framework\debug\texture.obj
c:\users\joel\documents\nottingham\g53gra\solo\graphics\g53gra.framework\g53gra.framework\debug\camera.obj
c:\users\joel\documents\nottingham\g53gra\solo\graphics\g53gra.framework\g53gra.framework\debug\scene.obj
c:\users\joel\documents\nottingham\g53gra\solo\graphics\g53gra.framework\g53gra.framework\debug\engine.obj
c:\users\joel\documents\nottingham\g53gra\solo\graphics\g53gra.framework\g53gra.framework\debug\myscene.obj
c:\users\joel\documents\nottingham\g53gra\solo\graphics\g53gra.framework\g53gra.framework\debug\main.obj
c:\users\joel\documents\nottingham\g53gra\solo\graphics\g53gra.framework\g53gra.framework\debug\vertex.obj
c:\users\joel\documents\nottingham\g53gra\solo\graphics\g53gra.framework\debug\g53gra.framework.exe
c:\users\joel\documents\nottingham\g53gra\solo\graphics\g53gra.framework\debug\g53gra.framework.ilk
c:\users\joel\documents\nottingham\g53gra\solo\graphics\g53gra.framework\debug\g53gra.framework.pdb
c:\users\joel\documents\nottingham\g53gra\solo\graphics\g53gra.framework\g53gra.framework\debug\triangle.obj
c:\users\joel\documents\nottingham\g53gra\solo\graphics\g53gra.framework\g53gra.framework\debug\vc120.idb
c:\users\joel\documents\nottingham\g53gra\solo\graphics\g53gra.framework\g53gra.framework\debug\g53gra.framework.tlog\cl.command.1.tlog
c:\users\joel\documents\nottingham\g53gra\solo\graphics\g53gra.framework\g53gra.framework\debug\g53gra.framework.tlog\cl.read.1.tlog
c:\users\joel\documents\nottingham\g53gra\solo\graphics\g53gra.framework\g53gra.framework\debug\g53gra.framework.tlog\cl.write.1.tlog
c:\users\joel\documents\nottingham\g53gra\solo\graphics\g53gra.framework\g53gra.framework\debug\g53gra.framework.tlog\link.command.1.tlog
c:\users\joel\documents\nottingham\g53gra\solo\graphics\g53gra.framework\g53gra.framework\debug\g53gra.framework.tlog\link.read.1.tlog
c:\users\joel\documents\nottingham\g53gra\solo\graphics\g53gra.framework\g53gra.framework\debug\g53gra.framework.tlog\link.write.1.tlog
